[35m[Appium][39m Welcome to Appium v2.2.3
[35m[Appium][39m Non-default server args:
[35m[Appium][39m { basePath: [32m'/wd/hub'[39m, loglevel: [32m'info'[39m, port: [33m55215[39m }
[35m[Appium][39m Attempting to load driver uiautomator2...
[35m[Appium][39m Appium REST http interface listener started on http://0.0.0.0:55215/wd/hub
[35m[Appium][39m You can provide the following URLs in your client code to connect to this server:
[35m[Appium][39m 	http://192.168.29.140:55215/wd/hub
[35m[Appium][39m 	http://127.0.0.1:55215/wd/hub (only accessible from the same host)
[35m[Appium][39m Available drivers:
[35m[Appium][39m   - uiautomator2@2.34.2 (automationName 'UiAutomator2')
[35m[Appium][39m No plugins have been installed. Use the "appium plugin" command to install the one(s) you want to use.
[38;5;0m[HTTP][0m [37m-->[39m [37mGET[39m [37m/wd/hub/status[39m
[38;5;0m[HTTP][0m [90m{}[39m
[38;5;0m[HTTP][0m [37m<-- GET /wd/hub/status [39m[32m200[39m [90m21 ms - 110[39m
[38;5;0m[HTTP][0m [90m[39m
[38;5;0m[HTTP][0m [37m-->[39m [37mGET[39m [37m/wd/hub/status[39m
[38;5;0m[HTTP][0m [90m{}[39m
[38;5;0m[HTTP][0m [37m<-- GET /wd/hub/status [39m[32m200[39m [90m5 ms - 110[39m
[38;5;0m[HTTP][0m [90m[39m
[38;5;0m[HTTP][0m [37m-->[39m [37mPOST[39m [37m/wd/hub/session[39m
[38;5;0m[HTTP][0m [90m{"desiredCapabilities":{"appium:systemPort":8291,"appium:udid":"RZCX118MFEJ","appium:autoGrantPermissions":true,"appium:newCommandTimeout":1800,"appium:platformName":"ANDROID","appium:appActivity":".Settings","appium:deviceName":"samsung SM-S928B (Android 14)","platformName":"Android","appium:automationName":"uiautomator2","appium:platformVersion":"14","appium:appPackage":"com.android.settings"},"capabilities":{"firstMatch":[{"appium:appActivity":".Settings","appium:appPackage":"com.android.settings","appium:autoGrantPermissions":true,"appium:automationName":"uiautomator2","appium:deviceName":"samsung SM-S928B (Android 14)","appium:newCommandTimeout":1800,"appium:platformName":"ANDROID","appium:platformVersion":"14","appium:systemPort":8291,"appium:udid":"RZCX118MFEJ","platformName":"android"}]}}[39m
[38;5;32m[BaseDriver][0m Ignoring capability 'appium:platformName=ANDROID' and using capability 'platformName=android'
[38;5;32m[BaseDriver][0m The capabilities ["platformName"] are standard capabilities and do not require "appium:" prefix
[35m[Appium][39m Attempting to find matching driver for automationName 'uiautomator2' and platformName 'android'
[35m[Appium][39m The 'uiautomator2' driver was installed and matched caps.
[35m[Appium][39m Will require it at C:\Users\Lenovo\.appium\node_modules\appium-uiautomator2-driver
[38;5;16m[AppiumDriver@e634][0m Appium v2.2.3 creating new AndroidUiautomator2Driver (v2.34.2) session
[38;5;16m[AppiumDriver@e634][0m Checking BaseDriver versions for Appium and AndroidUiautomator2Driver
[38;5;16m[AppiumDriver@e634][0m Appium's BaseDriver version is 9.4.3
[38;5;16m[AppiumDriver@e634][0m AndroidUiautomator2Driver's BaseDriver version is 9.4.3
[38;5;48m[AndroidUiautomator2Driver@2732 (f8f6fc83)][0m Session created with session id: f8f6fc83-db50-4a1d-bd12-4a862b7f95c1
[38;5;48m[AndroidUiautomator2Driver@2732 (f8f6fc83)][0m Starting 'com.android.settings' directly on the device
[38;5;64m[ADB][0m Found 1 'build-tools' folders under 'C:\Users\Lenovo\.katalon\tools\android_sdk' (newest first):
[38;5;64m[ADB][0m     C:\Users\Lenovo\.katalon\tools\android_sdk\build-tools\29.0.3
[38;5;64m[ADB][0m Using 'adb.exe' from 'C:\Users\Lenovo\.katalon\tools\android_sdk\platform-tools\adb.exe'
[38;5;80m[AndroidDriver][0m Retrieving device list
[38;5;80m[AndroidDriver][0m Using device: RZCX118MFEJ
[38;5;64m[ADB][0m Using 'adb.exe' from 'C:\Users\Lenovo\.katalon\tools\android_sdk\platform-tools\adb.exe'
[38;5;64m[ADB][0m Getting device platform version
[38;5;48m[AndroidUiautomator2Driver@2732 (f8f6fc83)][0m Relaxing hidden api policy
[38;5;80m[AndroidDriver][0m No app sent in, not parsing package/activity
[38;5;64m[ADB][0m Using 'apksigner.jar' from 'C:\Users\Lenovo\.katalon\tools\android_sdk\build-tools\29.0.3\lib\apksigner.jar'
[38;5;64m[ADB][0m 'C:\Users\Lenovo\.appium\node_modules\appium-uiautomator2-driver\node_modules\appium-uiautomator2-server\apks\appium-uiautomator2-server-debug-androidTest.apk' is signed with the default certificate
[38;5;64m[ADB][0m 'C:\Users\Lenovo\.appium\node_modules\appium-uiautomator2-driver\node_modules\appium-uiautomator2-server\apks\appium-uiautomator2-server-v5.12.16.apk' is signed with the default certificate
[38;5;48m[AndroidUiautomator2Driver@2732 (f8f6fc83)][0m Server packages are not going to be (re)installed
[38;5;64m[ADB][0m Adding packages ["io.appium.settings","io.appium.uiautomator2.server","io.appium.uiautomator2.server.test"] to Doze whitelist
[38;5;64m[ADB][0m com.android.settings contains no permissions available for granting
[38;5;48m[AndroidUiautomator2Driver@2732 (f8f6fc83)][0m Starting UIAutomator2 server 5.12.16
[38;5;48m[AndroidUiautomator2Driver@2732 (f8f6fc83)][0m Using UIAutomator2 server from 'C:\Users\Lenovo\.appium\node_modules\appium-uiautomator2-driver\node_modules\appium-uiautomator2-server\apks\appium-uiautomator2-server-v5.12.16.apk' and test from 'C:\Users\Lenovo\.appium\node_modules\appium-uiautomator2-driver\node_modules\appium-uiautomator2-server\apks\appium-uiautomator2-server-debug-androidTest.apk'
[38;5;48m[AndroidUiautomator2Driver@2732 (f8f6fc83)][0m Waiting up to 30000ms for UiAutomator2 to be online...
[38;5;48m[AndroidUiautomator2Driver@2732 (f8f6fc83)][0m socket hang up
[38;5;48m[AndroidUiautomator2Driver@2732 (f8f6fc83)][0m socket hang up
[38;5;48m[AndroidUiautomator2Driver@2732 (f8f6fc83)][0m Determined the downstream protocol as 'W3C'
[38;5;80m[AndroidDriver][0m Screen already unlocked, doing nothing
[38;5;48m[AndroidUiautomator2Driver@2732 (f8f6fc83)][0m Starting 'com.android.settings/.Settings and waiting for 'com.android.settings/.Settings'
[38;5;16m[AppiumDriver@e634][0m New AndroidUiautomator2Driver session created successfully, session f8f6fc83-db50-4a1d-bd12-4a862b7f95c1 added to master session list
[38;5;0m[HTTP][0m [37m<-- POST /wd/hub/session [39m[32m200[39m [90m12122 ms - 1088[39m
[38;5;0m[HTTP][0m [90m[39m
[38;5;0m[HTTP][0m [37m-->[39m [37mGET[39m [37m/wd/hub/session/f8f6fc83-db50-4a1d-bd12-4a862b7f95c1[39m
[38;5;0m[HTTP][0m [90m{}[39m
[38;5;0m[HTTP][0m [37m<-- GET /wd/hub/session/f8f6fc83-db50-4a1d-bd12-4a862b7f95c1 [39m[32m200[39m [90m63 ms - 312[39m
[38;5;0m[HTTP][0m [90m[39m
[38;5;0m[HTTP][0m [37m-->[39m [37mGET[39m [37m/wd/hub/session/f8f6fc83-db50-4a1d-bd12-4a862b7f95c1[39m
[38;5;0m[HTTP][0m [90m{}[39m
[38;5;0m[HTTP][0m [37m<-- GET /wd/hub/session/f8f6fc83-db50-4a1d-bd12-4a862b7f95c1 [39m[32m200[39m [90m42 ms - 312[39m
[38;5;0m[HTTP][0m [90m[39m
[38;5;0m[HTTP][0m [37m-->[39m [37mGET[39m [37m/wd/hub/status[39m
[38;5;0m[HTTP][0m [90m{}[39m
[38;5;0m[HTTP][0m [37m<-- GET /wd/hub/status [39m[32m200[39m [90m2 ms - 110[39m
[38;5;0m[HTTP][0m [90m[39m
[38;5;0m[HTTP][0m [37m-->[39m [37mPOST[39m [37m/wd/hub/session/f8f6fc83-db50-4a1d-bd12-4a862b7f95c1/timeouts[39m
[38;5;0m[HTTP][0m [90m{"implicit":60000}[39m
[38;5;0m[HTTP][0m [37m<-- POST /wd/hub/session/f8f6fc83-db50-4a1d-bd12-4a862b7f95c1/timeouts [39m[32m200[39m [90m8 ms - 14[39m
[38;5;0m[HTTP][0m [90m[39m
[38;5;0m[HTTP][0m [37m-->[39m [37mGET[39m [37m/wd/hub/session/f8f6fc83-db50-4a1d-bd12-4a862b7f95c1/appium/device/system_bars[39m
[38;5;0m[HTTP][0m [90m{}[39m
[38;5;0m[HTTP][0m [37m<-- GET /wd/hub/session/f8f6fc83-db50-4a1d-bd12-4a862b7f95c1/appium/device/system_bars [39m[32m200[39m [90m336 ms - 151[39m
[38;5;0m[HTTP][0m [90m[39m
[38;5;0m[HTTP][0m [37m-->[39m [37mPOST[39m [37m/wd/hub/session/f8f6fc83-db50-4a1d-bd12-4a862b7f95c1/appium/device/activate_app[39m
[38;5;0m[HTTP][0m [90m{"bundleId":"com.mega.app"}[39m
[38;5;0m[HTTP][0m [37m<-- POST /wd/hub/session/f8f6fc83-db50-4a1d-bd12-4a862b7f95c1/appium/device/activate_app [39m[32m200[39m [90m336 ms - 14[39m
[38;5;0m[HTTP][0m [90m[39m
[38;5;0m[HTTP][0m [37m-->[39m [37mGET[39m [37m/wd/hub/session/f8f6fc83-db50-4a1d-bd12-4a862b7f95c1/source[39m
[38;5;0m[HTTP][0m [90m{}[39m
[38;5;48m[AndroidUiautomator2Driver@2732 (f8f6fc83)][0m Driver proxy active, passing request on via HTTP proxy
[38;5;48m[AndroidUiautomator2Driver@2732 (f8f6fc83)][0m Replacing sessionId 13d0ed6e-f958-4092-b3a5-bfb3a3e27b05 with f8f6fc83-db50-4a1d-bd12-4a862b7f95c1
[38;5;0m[HTTP][0m [37m<-- GET /wd/hub/session/f8f6fc83-db50-4a1d-bd12-4a862b7f95c1/source [39m[32m200[39m [90m1827 ms - 134088[39m
[38;5;0m[HTTP][0m [90m[39m
[38;5;0m[HTTP][0m [37m-->[39m [37mGET[39m [37m/wd/hub/session/f8f6fc83-db50-4a1d-bd12-4a862b7f95c1/screenshot[39m
[38;5;0m[HTTP][0m [90m{}[39m
[38;5;0m[HTTP][0m [37m<-- GET /wd/hub/session/f8f6fc83-db50-4a1d-bd12-4a862b7f95c1/screenshot [39m[32m200[39m [90m708 ms - 381996[39m
[38;5;0m[HTTP][0m [90m[39m
[38;5;0m[HTTP][0m [37m-->[39m [37mGET[39m [37m/wd/hub/session/f8f6fc83-db50-4a1d-bd12-4a862b7f95c1/source[39m
[38;5;0m[HTTP][0m [90m{}[39m
[38;5;48m[AndroidUiautomator2Driver@2732 (f8f6fc83)][0m Driver proxy active, passing request on via HTTP proxy
[38;5;48m[AndroidUiautomator2Driver@2732 (f8f6fc83)][0m Replacing sessionId 13d0ed6e-f958-4092-b3a5-bfb3a3e27b05 with f8f6fc83-db50-4a1d-bd12-4a862b7f95c1
[38;5;0m[HTTP][0m [37m<-- GET /wd/hub/session/f8f6fc83-db50-4a1d-bd12-4a862b7f95c1/source [39m[32m200[39m [90m1009 ms - 134088[39m
[38;5;0m[HTTP][0m [90m[39m
[38;5;0m[HTTP][0m [37m-->[39m [37mGET[39m [37m/wd/hub/session/f8f6fc83-db50-4a1d-bd12-4a862b7f95c1/screenshot[39m
[38;5;0m[HTTP][0m [90m{}[39m
[38;5;0m[HTTP][0m [37m<-- GET /wd/hub/session/f8f6fc83-db50-4a1d-bd12-4a862b7f95c1/screenshot [39m[32m200[39m [90m638 ms - 360428[39m
[38;5;0m[HTTP][0m [90m[39m
[38;5;0m[HTTP][0m [37m-->[39m [37mPOST[39m [37m/wd/hub/session/f8f6fc83-db50-4a1d-bd12-4a862b7f95c1/elements[39m
[38;5;0m[HTTP][0m [90m{"using":"xpath","value":"//*[@class = 'android.widget.TextView' and (@text = 'Promotions' or . = 'Promotions')]"}[39m
[38;5;0m[HTTP][0m [37m<-- POST /wd/hub/session/f8f6fc83-db50-4a1d-bd12-4a862b7f95c1/elements [39m[32m200[39m [90m1322 ms - 139[39m
[38;5;0m[HTTP][0m [90m[39m
[38;5;0m[HTTP][0m [37m-->[39m [37mGET[39m [37m/wd/hub/session/f8f6fc83-db50-4a1d-bd12-4a862b7f95c1/window/rect[39m
[38;5;0m[HTTP][0m [90m{}[39m
[38;5;0m[HTTP][0m [37m<-- GET /wd/hub/session/f8f6fc83-db50-4a1d-bd12-4a862b7f95c1/window/rect [39m[32m200[39m [90m25 ms - 50[39m
[38;5;0m[HTTP][0m [90m[39m
[38;5;0m[HTTP][0m [37m-->[39m [37mPOST[39m [37m/wd/hub/session/f8f6fc83-db50-4a1d-bd12-4a862b7f95c1/elements[39m
[38;5;0m[HTTP][0m [90m{"using":"xpath","value":"//*[@class = 'android.widget.TextView' and (@text = 'Promotions' or . = 'Promotions')]"}[39m
[38;5;0m[HTTP][0m [37m<-- POST /wd/hub/session/f8f6fc83-db50-4a1d-bd12-4a862b7f95c1/elements [39m[32m200[39m [90m919 ms - 139[39m
[38;5;0m[HTTP][0m [90m[39m
[38;5;0m[HTTP][0m [37m-->[39m [37mGET[39m [37m/wd/hub/session/f8f6fc83-db50-4a1d-bd12-4a862b7f95c1/element/00000000-0000-01ff-ffff-ffff00000487/location[39m
[38;5;0m[HTTP][0m [90m{}[39m
[38;5;48m[AndroidUiautomator2Driver@2732 (f8f6fc83)][0m Driver proxy active, passing request on via HTTP proxy
[38;5;48m[AndroidUiautomator2Driver@2732 (f8f6fc83)][0m Replacing sessionId 13d0ed6e-f958-4092-b3a5-bfb3a3e27b05 with f8f6fc83-db50-4a1d-bd12-4a862b7f95c1
[38;5;0m[HTTP][0m [37m<-- GET /wd/hub/session/f8f6fc83-db50-4a1d-bd12-4a862b7f95c1/element/00000000-0000-01ff-ffff-ffff00000487/location [39m[32m200[39m [90m507 ms - 79[39m
[38;5;0m[HTTP][0m [90m[39m
[38;5;0m[HTTP][0m [37m-->[39m [37mPOST[39m [37m/wd/hub/session/f8f6fc83-db50-4a1d-bd12-4a862b7f95c1/element/00000000-0000-01ff-ffff-ffff00000487/click[39m
[38;5;0m[HTTP][0m [90m{"id":"00000000-0000-01ff-ffff-ffff00000487"}[39m
[38;5;0m[HTTP][0m [37m<-- POST /wd/hub/session/f8f6fc83-db50-4a1d-bd12-4a862b7f95c1/element/00000000-0000-01ff-ffff-ffff00000487/click [39m[32m200[39m [90m64 ms - 14[39m
[38;5;0m[HTTP][0m [90m[39m
[38;5;0m[HTTP][0m [37m-->[39m [37mGET[39m [37m/wd/hub/session/f8f6fc83-db50-4a1d-bd12-4a862b7f95c1/source[39m
[38;5;0m[HTTP][0m [90m{}[39m
[38;5;48m[AndroidUiautomator2Driver@2732 (f8f6fc83)][0m Driver proxy active, passing request on via HTTP proxy
[38;5;48m[AndroidUiautomator2Driver@2732 (f8f6fc83)][0m Replacing sessionId 13d0ed6e-f958-4092-b3a5-bfb3a3e27b05 with f8f6fc83-db50-4a1d-bd12-4a862b7f95c1
[38;5;0m[HTTP][0m [37m<-- GET /wd/hub/session/f8f6fc83-db50-4a1d-bd12-4a862b7f95c1/source [39m[32m200[39m [90m928 ms - 95015[39m
[38;5;0m[HTTP][0m [90m[39m
[38;5;0m[HTTP][0m [37m-->[39m [37mGET[39m [37m/wd/hub/session/f8f6fc83-db50-4a1d-bd12-4a862b7f95c1/screenshot[39m
[38;5;0m[HTTP][0m [90m{}[39m
[38;5;0m[HTTP][0m [37m<-- GET /wd/hub/session/f8f6fc83-db50-4a1d-bd12-4a862b7f95c1/screenshot [39m[32m200[39m [90m1913 ms - 1531724[39m
[38;5;0m[HTTP][0m [90m[39m
[38;5;0m[HTTP][0m [37m-->[39m [37mPOST[39m [37m/wd/hub/session/f8f6fc83-db50-4a1d-bd12-4a862b7f95c1/elements[39m
[38;5;0m[HTTP][0m [90m{"using":"xpath","value":"//*[@class = 'android.widget.TextView' and (@text = 'KYC' or . = 'KYC') and @resource-id = 'com.mega.app:id/txtPromotionTitle']"}[39m
[38;5;0m[HTTP][0m [37m<-- POST /wd/hub/session/f8f6fc83-db50-4a1d-bd12-4a862b7f95c1/elements [39m[32m200[39m [90m621 ms - 139[39m
[38;5;0m[HTTP][0m [90m[39m
[38;5;0m[HTTP][0m [37m-->[39m [37mGET[39m [37m/wd/hub/session/f8f6fc83-db50-4a1d-bd12-4a862b7f95c1/window/rect[39m
[38;5;0m[HTTP][0m [90m{}[39m
[38;5;0m[HTTP][0m [37m<-- GET /wd/hub/session/f8f6fc83-db50-4a1d-bd12-4a862b7f95c1/window/rect [39m[32m200[39m [90m15 ms - 50[39m
[38;5;0m[HTTP][0m [90m[39m
[38;5;0m[HTTP][0m [37m-->[39m [37mPOST[39m [37m/wd/hub/session/f8f6fc83-db50-4a1d-bd12-4a862b7f95c1/elements[39m
[38;5;0m[HTTP][0m [90m{"using":"xpath","value":"//*[@class = 'android.widget.TextView' and (@text = 'KYC' or . = 'KYC') and @resource-id = 'com.mega.app:id/txtPromotionTitle']"}[39m
[38;5;0m[HTTP][0m [37m<-- POST /wd/hub/session/f8f6fc83-db50-4a1d-bd12-4a862b7f95c1/elements [39m[32m200[39m [90m812 ms - 139[39m
[38;5;0m[HTTP][0m [90m[39m
[38;5;0m[HTTP][0m [37m-->[39m [37mGET[39m [37m/wd/hub/session/f8f6fc83-db50-4a1d-bd12-4a862b7f95c1/element/00000000-0000-01ff-ffff-ffff00000daf/location[39m
[38;5;0m[HTTP][0m [90m{}[39m
[38;5;48m[AndroidUiautomator2Driver@2732 (f8f6fc83)][0m Driver proxy active, passing request on via HTTP proxy
[38;5;48m[AndroidUiautomator2Driver@2732 (f8f6fc83)][0m Replacing sessionId 13d0ed6e-f958-4092-b3a5-bfb3a3e27b05 with f8f6fc83-db50-4a1d-bd12-4a862b7f95c1
[38;5;0m[HTTP][0m [37m<-- GET /wd/hub/session/f8f6fc83-db50-4a1d-bd12-4a862b7f95c1/element/00000000-0000-01ff-ffff-ffff00000daf/location [39m[32m200[39m [90m37 ms - 78[39m
[38;5;0m[HTTP][0m [90m[39m
[38;5;0m[HTTP][0m [37m-->[39m [37mPOST[39m [37m/wd/hub/session/f8f6fc83-db50-4a1d-bd12-4a862b7f95c1/element/00000000-0000-01ff-ffff-ffff00000daf/click[39m
[38;5;0m[HTTP][0m [90m{"id":"00000000-0000-01ff-ffff-ffff00000daf"}[39m
[38;5;0m[HTTP][0m [37m<-- POST /wd/hub/session/f8f6fc83-db50-4a1d-bd12-4a862b7f95c1/element/00000000-0000-01ff-ffff-ffff00000daf/click [39m[32m200[39m [90m67 ms - 14[39m
[38;5;0m[HTTP][0m [90m[39m
[38;5;0m[HTTP][0m [37m-->[39m [37mGET[39m [37m/wd/hub/session/f8f6fc83-db50-4a1d-bd12-4a862b7f95c1/source[39m
[38;5;0m[HTTP][0m [90m{}[39m
[38;5;48m[AndroidUiautomator2Driver@2732 (f8f6fc83)][0m Driver proxy active, passing request on via HTTP proxy
[38;5;48m[AndroidUiautomator2Driver@2732 (f8f6fc83)][0m Replacing sessionId 13d0ed6e-f958-4092-b3a5-bfb3a3e27b05 with f8f6fc83-db50-4a1d-bd12-4a862b7f95c1
[38;5;0m[HTTP][0m [37m<-- GET /wd/hub/session/f8f6fc83-db50-4a1d-bd12-4a862b7f95c1/source [39m[32m200[39m [90m670 ms - 119623[39m
[38;5;0m[HTTP][0m [90m[39m
[38;5;0m[HTTP][0m [37m-->[39m [37mGET[39m [37m/wd/hub/session/f8f6fc83-db50-4a1d-bd12-4a862b7f95c1/screenshot[39m
[38;5;0m[HTTP][0m [90m{}[39m
[38;5;0m[HTTP][0m [37m<-- GET /wd/hub/session/f8f6fc83-db50-4a1d-bd12-4a862b7f95c1/screenshot [39m[32m200[39m [90m443 ms - 239736[39m
[38;5;0m[HTTP][0m [90m[39m
[38;5;0m[HTTP][0m [37m-->[39m [37mPOST[39m [37m/wd/hub/session/f8f6fc83-db50-4a1d-bd12-4a862b7f95c1/elements[39m
[38;5;0m[HTTP][0m [90m{"using":"xpath","value":"//*[@class = 'android.widget.ImageView' and @resource-id = 'com.mega.app:id/top_back_image' and (@text = '' or . = '')]"}[39m
[38;5;0m[HTTP][0m [37m<-- POST /wd/hub/session/f8f6fc83-db50-4a1d-bd12-4a862b7f95c1/elements [39m[32m200[39m [90m1502 ms - 267[39m
[38;5;0m[HTTP][0m [90m[39m
[38;5;0m[HTTP][0m [37m-->[39m [37mPOST[39m [37m/wd/hub/session/f8f6fc83-db50-4a1d-bd12-4a862b7f95c1/elements[39m
[38;5;0m[HTTP][0m [90m{"using":"id","value":"com.mega.app:id/top_back_image"}[39m
[38;5;0m[HTTP][0m [37m<-- POST /wd/hub/session/f8f6fc83-db50-4a1d-bd12-4a862b7f95c1/elements [39m[32m200[39m [90m751 ms - 267[39m
[38;5;0m[HTTP][0m [90m[39m
[38;5;0m[HTTP][0m [37m-->[39m [37mPOST[39m [37m/wd/hub/session/f8f6fc83-db50-4a1d-bd12-4a862b7f95c1/elements[39m
[38;5;0m[HTTP][0m [90m{"using":"-android uiautomator","value":"new UiSelector().className(\"android.widget.ImageView\").resourceId(\"com.mega.app:id/top_back_image\")"}[39m
[38;5;0m[HTTP][0m [37m<-- POST /wd/hub/session/f8f6fc83-db50-4a1d-bd12-4a862b7f95c1/elements [39m[32m200[39m [90m1475 ms - 267[39m
[38;5;0m[HTTP][0m [90m[39m
[38;5;0m[HTTP][0m [37m-->[39m [37mGET[39m [37m/wd/hub/session/f8f6fc83-db50-4a1d-bd12-4a862b7f95c1/window/rect[39m
[38;5;0m[HTTP][0m [90m{}[39m
[38;5;0m[HTTP][0m [37m<-- GET /wd/hub/session/f8f6fc83-db50-4a1d-bd12-4a862b7f95c1/window/rect [39m[32m200[39m [90m18 ms - 50[39m
[38;5;0m[HTTP][0m [90m[39m
[38;5;0m[HTTP][0m [37m-->[39m [37mPOST[39m [37m/wd/hub/session/f8f6fc83-db50-4a1d-bd12-4a862b7f95c1/elements[39m
[38;5;0m[HTTP][0m [90m{"using":"xpath","value":"//hierarchy/android.widget.FrameLayout[1]/android.widget.LinearLayout[1]/android.widget.FrameLayout[1]/android.widget.LinearLayout[1]/android.widget.FrameLayout[1]/androidx.drawerlayout.widget.DrawerLayout[1]/android.widget.RelativeLayout[1]/android.widget.FrameLayout[1]/android.view.ViewGroup[1]/android.widget.LinearLayout[1]/android.widget.RelativeLayout[1]/android.widget.ImageView[1]"}[39m
[38;5;0m[HTTP][0m [37m<-- POST /wd/hub/session/f8f6fc83-db50-4a1d-bd12-4a862b7f95c1/elements [39m[32m200[39m [90m1060 ms - 139[39m
[38;5;0m[HTTP][0m [90m[39m
[38;5;0m[HTTP][0m [37m-->[39m [37mGET[39m [37m/wd/hub/session/f8f6fc83-db50-4a1d-bd12-4a862b7f95c1/element/00000000-0000-01ff-ffff-ffff00000df6/location[39m
[38;5;0m[HTTP][0m [90m{}[39m
[38;5;48m[AndroidUiautomator2Driver@2732 (f8f6fc83)][0m Driver proxy active, passing request on via HTTP proxy
[38;5;48m[AndroidUiautomator2Driver@2732 (f8f6fc83)][0m Replacing sessionId 13d0ed6e-f958-4092-b3a5-bfb3a3e27b05 with f8f6fc83-db50-4a1d-bd12-4a862b7f95c1
[38;5;0m[HTTP][0m [37m<-- GET /wd/hub/session/f8f6fc83-db50-4a1d-bd12-4a862b7f95c1/element/00000000-0000-01ff-ffff-ffff00000df6/location [39m[32m200[39m [90m47 ms - 77[39m
[38;5;0m[HTTP][0m [90m[39m
[38;5;0m[HTTP][0m [37m-->[39m [37mPOST[39m [37m/wd/hub/session/f8f6fc83-db50-4a1d-bd12-4a862b7f95c1/element/00000000-0000-01ff-ffff-ffff00000df6/click[39m
[38;5;0m[HTTP][0m [90m{"id":"00000000-0000-01ff-ffff-ffff00000df6"}[39m
[38;5;0m[HTTP][0m [37m<-- POST /wd/hub/session/f8f6fc83-db50-4a1d-bd12-4a862b7f95c1/element/00000000-0000-01ff-ffff-ffff00000df6/click [39m[32m200[39m [90m105 ms - 14[39m
[38;5;0m[HTTP][0m [90m[39m
[38;5;0m[HTTP][0m [37m-->[39m [37mGET[39m [37m/wd/hub/session/f8f6fc83-db50-4a1d-bd12-4a862b7f95c1/source[39m
[38;5;0m[HTTP][0m [90m{}[39m
[38;5;48m[AndroidUiautomator2Driver@2732 (f8f6fc83)][0m Driver proxy active, passing request on via HTTP proxy
[38;5;48m[AndroidUiautomator2Driver@2732 (f8f6fc83)][0m Replacing sessionId 13d0ed6e-f958-4092-b3a5-bfb3a3e27b05 with f8f6fc83-db50-4a1d-bd12-4a862b7f95c1
[38;5;0m[HTTP][0m [37m<-- GET /wd/hub/session/f8f6fc83-db50-4a1d-bd12-4a862b7f95c1/source [39m[32m200[39m [90m544 ms - 95017[39m
[38;5;0m[HTTP][0m [90m[39m
[38;5;0m[HTTP][0m [37m-->[39m [37mGET[39m [37m/wd/hub/session/f8f6fc83-db50-4a1d-bd12-4a862b7f95c1/screenshot[39m
[38;5;0m[HTTP][0m [90m{}[39m
[38;5;0m[HTTP][0m [37m<-- GET /wd/hub/session/f8f6fc83-db50-4a1d-bd12-4a862b7f95c1/screenshot [39m[32m200[39m [90m1827 ms - 1534736[39m
[38;5;0m[HTTP][0m [90m[39m
[38;5;0m[HTTP][0m [37m-->[39m [37mDELETE[39m [37m/wd/hub/session/f8f6fc83-db50-4a1d-bd12-4a862b7f95c1[39m
[38;5;0m[HTTP][0m [90m{}[39m
[38;5;16m[AppiumDriver@e634][0m Removing session f8f6fc83-db50-4a1d-bd12-4a862b7f95c1 from our master session list
[38;5;48m[AndroidUiautomator2Driver@2732 (f8f6fc83)][0m Restoring hidden api policy to the device default configuration
[38;5;0m[HTTP][0m [37m<-- DELETE /wd/hub/session/f8f6fc83-db50-4a1d-bd12-4a862b7f95c1 [39m[32m200[39m [90m809 ms - 14[39m
[38;5;0m[HTTP][0m [90m[39m
